<tal:block tal:define="
	tableName string: printermibinventoryreport;
    tm here/ZenTableManager;
    tableState python:tm.getTableState(tableName, sortedHeader='deviceName',
                                           sortedSence='desc');

    sts python:here.ZenTableManager.setReqTableState;
    deviceClass python:sts(tableName, 'deviceClass', '/');
    deviceFilter python:sts(tableName, 'deviceFilter', '');
    
	objects python:here.ReportServer.plugin('PrinterMIBInventory', tableState);
        objects python: (hasattr(request, 'doExport') and list(objects)) or objects;
	batch python:here.ZenTableManager.getBatch(tableName,
	                                           objects,
	                                           sortedHeader='deviceName', 
	                                           sortedSence='desc');
    exportFields python:['deviceName'];
">

<tal:block metal:use-macro="here/reportMacros/macros/exportableReport">
<tal:block metal:fill-slot="report">
<tal:block metal:use-macro="here/templates/macros/page1">
<tal:block metal:fill-slot="breadCrumbPane">
<span metal:use-macro="here/miscmacros/macros/reportBreadCrumbsList"/>
</tal:block>
<tal:block metal:fill-slot="contentPane">

<form method="POST" tal:attributes="action request/URL; name string:deviceList"
			tal:define="tabletitle string:PrinterMIB Inventory;
                        showfilterbox python:True;
						tblcolspan string:6">

<tal:block metal:use-macro="here/zenuimacros/macros/zentable">
<tal:block metal:fill-slot="zentablecontents">


    <tr>
        <th tal:replace="structure python:here.ZenTableManager.getTableHeader(
                            tableName,'deviceName','Device')"/>
        <th tal:replace="structure python:here.ZenTableManager.getTableHeader(
                            tableName,'color','Color')"/>
        <th tal:replace="structure python:here.ZenTableManager.getTableHeader(
                            tableName,'description','Description')"/>
        <th tal:replace="structure python:here.ZenTableManager.getTableHeader(
                            tableName,'type','Supply Type')"/>
        <th tal:replace="structure python:here.ZenTableManager.getTableHeader(
                            tableName,'inkused','Pct Ink Used')"/>
    </tr>

    <tal:block tal:repeat="r batch">
        <tr tal:define="odd repeat/r/odd"
            tal:attributes="class python:test(odd,'odd','even')">
           <td><a tal:attributes="href python: r.device.getPrimaryUrlPath()"
                  tal:content="python: r.deviceName"/></td>
           <td tal:content="python: r.color"/>
           <td tal:content="python: r.description"/>
           <td tal:content="python: r.type"/>
           <td tal:content="python: r.inkused"/>
        </tr>
    </tal:block>

    <tr>
        <td colspan="5" class="tableheader" align='center'>
        <form metal:use-macro="here/zenTableNavigation/macros/navtool"/>
        </td>
    </tr>

</tal:block>
</tal:block>
</form>

</tal:block>
</tal:block>
</tal:block>
</tal:block>

</tal:block>
