<tal:block tal:define="
        objects python:[disk for disk in here.getDmdRoot('Devices').getMonitoredComponents() if disk.factory_type_information[0].get('immediate_view', '') == 'viewHPHardDisk'];

        tableName string: storagecntlrs;
        batch python:here.ZenTableManager.getBatch(tableName,objects);
        exportFields python:[('getParentDeviceName','Device'), 
                            ('bay','Bay'), 
                            ('name','Component'), 
                            ('getProductName', 'Model'),
                            ('diskType','Interface'), 
                            ('size','Size'), 
                            ('FWRev','Firmware')];">
<tal:block metal:use-macro="here/reportMacros/macros/exportableReport">
<tal:block metal:fill-slot="report">

<tal:block metal:use-macro="here/templates/macros/page1">
<tal:block metal:fill-slot="breadCrumbPane">
    <span metal:use-macro="here/miscmacros/macros/reportBreadCrumbsList"/>    
</tal:block>
<tal:block metal:fill-slot="contentPane">

<form method="POST" tal:attributes="action request/URL;"
                        tal:define="tabletitle string:Hard Disks;
                        showfilterbox python:True;
                        tblcolspan string:7">
<tal:block metal:use-macro="here/zenuimacros/macros/zentable">
<tal:block metal:fill-slot="zentablecontents">

    <tr>
        <th tal:replace="structure python:here.ZenTableManager.getTableHeader(
                            tableName,'hostname','Device')"/>
        <th tal:replace="structure python:here.ZenTableManager.getTableHeader(
                            tableName,'bay','Bay')"/>
        <th tal:replace="structure python:here.ZenTableManager.getTableHeader(
                            tableName,'name','Component')"/>
        <th tal:replace="structure python:here.ZenTableManager.getTableHeader(
                            tableName,'getProductName','Model')"/>
        <th tal:replace="structure python:here.ZenTableManager.getTableHeader(
                            tableName,'diskType','Interface')"/>
        <th tal:replace="structure python:here.ZenTableManager.getTableHeader(
                            tableName,'size','Size')"/>
        <th tal:replace="structure python:here.ZenTableManager.getTableHeader(
                            tableName,'FWRev','Firmware')"/>
    </tr>
    <tr tal:repeat="comp batch">
        <td class="tablevalues" 
          tal:content="structure comp/getDeviceLink"/>
        <td class="tablevalues" tal:content="comp/bay"/>
        <td class="tablevalues">
            <a class="tablevalues" tal:attributes="href comp/getPrimaryUrlPath"
                tal:content="comp/name">smtp</a>
        </td>
        <td class="tablevalues" tal:content="structure comp/getProductLink"/>
        <td class="tablevalues" tal:content="comp/diskType"/>
        <td class="tablevalues" tal:content="comp/sizeString"/>
        <td class="tablevalues" tal:content="comp/FWRev"/>
    </tr>
    <tr>
        <td colspan="7" class="tableheader" align='center'>
        <form metal:use-macro="here/zenTableNavigation/macros/navtool"/>
        </td>
    </tr>

</tal:block>
</tal:block>
</form>

</tal:block>
</tal:block>

</tal:block>
</tal:block>
</tal:block>
