<tal:block tal:define="
	objects  python:[ t for t in here.getDmdRoot('Events').getInstances() if t.transform ];
    tableName string: neweventclassmapreport;
    batch python:here.ZenTableManager.getBatch(tableName,objects,
                                                sortedHeader='getDmdKey');
	exportFields python:['getDmdKey', 'eventClassKey', 'transform',
						'getStatus']
	">
<tal:block metal:use-macro="here/reportMacros/macros/exportableReport">
<tal:block metal:fill-slot="report">

<tal:block metal:use-macro="here/templates/macros/page1">
<tal:block metal:fill-slot="breadCrumbPane">
    <span metal:use-macro="here/miscmacros/macros/reportBreadCrumbsList"/>    
</tal:block>
<tal:block metal:fill-slot="contentPane">

<form method="POST" tal:attributes="action request/URL;"
			tal:define="tabletitle string:All Event Transforms;
                        showfilterbox python:True;
						tblcolspan string:4">
<tal:block metal:use-macro="here/zenuimacros/macros/zentable">
<tal:block metal:fill-slot="zentablecontents">

    <tr>
        <th tal:replace="structure python:here.ZenTableManager.getTableHeader(
                    tableName,'getDmdKey','Name')"/>
        <th tal:replace="structure python:here.ZenTableManager.getTableHeader(
                    tableName,'eventClassKey','EventClassKey')"/>
        <th tal:replace="structure python:here.ZenTableManager.getTableHeader(
                    tableName,'transform','Transform')"/>
        <th tal:replace="structure python:here.ZenTableManager.getTableHeader(
                    tableName,'getStatus','Events')"/>
    </tr>
    <tal:block tal:repeat="evinst batch">
	<tr tal:define="odd repeat/evinst/odd"
	    tal:attributes="class python:test(odd,'odd','even')">
            <td class="tablevalues" align="left">
                <a tal:attributes="href evinst/getPrimaryUrlPath"
                tal:content="evinst/getDmdKey">Name</a>
            </td>
            <td class="tablevalues" tal:content="evinst/eventClassKey"/>
            <td class="tablevalues"><pre tal:content="evinst/transform"/></td>
            <td class="tablevalues" tal:content="python:evinst.getStatus()"
                align="center">0</td>
	</tr>
    </tal:block>
    <tr>
        <td colspan="4" class="tableheader">
            <span metal:use-macro="here/zenTableNavigation/macros/navtool" />
        </td>
    </tr>

</tal:block>
</tal:block>
</form>

</tal:block>
</tal:block>

</tal:block>
</tal:block>
</tal:block>
